<?xml version="1.0" encoding="UTF-8" ?>
<testsuite errors="0" failures="0" hostname="LAPTOP-AMHNQFLJ" name="ToDoListTest" skipped="0" tests="4" time="0.123" timestamp="2020-10-17T16:26:08">
  <properties>
[...]
</properties>
  <testcase classname="ToDoListTest" name="testAddTask" time="0.004" />
  <testcase classname="ToDoListTest" name="testGetCompletedTasks" time="0.0" />
  <testcase classname="ToDoListTest" name="testgetStatus" time="0.0" />
  <testcase classname="ToDoListTest" name="testRemoveTask" time="0.0" />
  <system-out><![CDATA[]]></system-out>
  <system-err><![CDATA[]]></system-err>
</testsuite>
